WatirlooLogger Started
TextFieldFaces inherited {} from Watirloo::Page
make_watir_method: last, watir: :text_field how: :name, what: "last_nm", value: nil
making interface: last => text_field(:name, 'last_nm')
make_watir_method: first, watir: :text_field how: :name, what: "first_nm", value: nil
making interface: first => text_field(:name, 'first_nm')
WatirlooLogger Started
PetsCheckboxes inherited {} from Watirloo::Page
make_watir_method: pets_cat, watir: :checkbox how: :name, what: "pets", value: "cat"
making interface: pets_cat => checkbox(:name, 'pets', 'cat')
make_watir_method: pets_dog, watir: :checkbox how: :name, what: "pets", value: "dog"
making interface: pets_dog => checkbox(:name, 'pets', 'dog')
make_watir_method: pets_zook, watir: :checkbox how: :name, what: "pets", value: "zook"
making interface: pets_zook => checkbox(:name, 'pets', 'zook')
make_watir_method: pets_zebra, watir: :checkbox how: :name, what: "pets", value: "zebra"
making interface: pets_zebra => checkbox(:name, 'pets', 'zebra')
make_watir_method: pets_wumpa, watir: :checkbox how: :name, what: "pets", value: "wumpa"
making interface: pets_wumpa => checkbox(:name, 'pets', 'wumpa')
CheckboxGroupPage inherited {} from Watirloo::Page
make_watir_method: pets, watir: :checkbox_group how: "pets", what: nil, value: nil
making interface: pets => checkbox_group('pets')
FullName inherited {} from Watirloo::Page
make_watir_method: first, watir: :text_field how: :name, what: "first_nm", value: nil
making interface: first => text_field(:name, 'first_nm')
make_watir_method: last, watir: :text_field how: :name, what: "last_nm", value: nil
making interface: last => text_field(:name, 'last_nm')
Address inherited {} from Watirloo::Page
make_watir_method: street, watir: :text_field how: :name, what: "addr1", value: nil
making interface: street => text_field(:name, 'addr1')
PersonalInfo inherited {} from Watirloo::Page
make_watir_method: street, watir: :text_field how: :name, what: "addr1", value: nil
making interface: street => text_field(:name, 'addr1')
make_watir_method: first, watir: :text_field how: :name, what: "first_nm", value: nil
making interface: first => text_field(:name, 'first_nm')
make_watir_method: last, watir: :text_field how: :name, what: "last_nm", value: nil
making interface: last => text_field(:name, 'last_nm')
make_watir_method: dob, watir: :text_field how: :name, what: "dob", value: nil
making interface: dob => text_field(:name, 'dob')
make_watir_method: gender, watir: :select_list how: :name, what: "sex_cd", value: nil
making interface: gender => select_list(:name, 'sex_cd')
SuperPage inherited {} from Watirloo::Page
make_watir_method: name, watir: "vname" how: nil, what: nil, value: nil
making interface: name => vname('')
Page0 inherited {} from Watirloo::Page
make_watir_method: higher, watir: "vhigher" how: nil, what: nil, value: nil
making interface: higher => vhigher('')
Page1 inherited {"higher"=>"vhigher"} from Page0
make_watir_method: lower, watir: "vlower" how: nil, what: nil, value: nil
making interface: lower => vlower('')
Page3 inherited {} from Watirloo::Page
make_watir_method: lower, watir: "vlower" how: nil, what: nil, value: nil
making interface: lower => vlower('')
make_watir_method: higher, watir: "vhigher" how: nil, what: nil, value: nil
making interface: higher => vhigher('')
make_watir_method: included, watir: "vincluded" how: nil, what: nil, value: nil
making interface: included => vincluded('')
Labels inherited {} from Watirloo::Page
make_watir_method: first, watir: :text_field how: :name, what: "fn", value: nil
making interface: first => text_field(:name, 'fn')
make_watir_method: last, watir: :text_field how: :name, what: "ln", value: nil
making interface: last => text_field(:name, 'ln')
make_watir_method: first_label, watir: :label how: :for, what: "first_nm", value: nil
making interface: first_label => label(:for, 'first_nm')
make_watir_method: last_label, watir: :label how: :for, what: "last_nm", value: nil
making interface: last_label => label(:for, 'last_nm')
Person inherited {} from Watirloo::Page
make_watir_method: first, watir: :text_field how: :name, what: "first_nm", value: nil
making interface: first => text_field(:name, 'first_nm')
make_watir_method: street, watir: :text_field how: :name, what: "addr1", value: nil
making interface: street => text_field(:name, 'addr1')
RadioGroupPage inherited {} from Watirloo::Page
make_watir_method: meals_to_go, watir: :radio_group how: "food", what: nil, value: nil
making interface: meals_to_go => radio_group('food')
SelectListPage inherited {} from Watirloo::Page
make_watir_method: pets, watir: :select_list how: :name, what: "animals", value: nil
making interface: pets => select_list(:name, 'animals')
TextFieldFaces inherited {} from Watirloo::Page
make_watir_method: last, watir: :text_field how: :name, what: "last_nm", value: nil
making interface: last => text_field(:name, 'last_nm')
make_watir_method: first, watir: :text_field how: :name, what: "first_nm", value: nil
making interface: first => text_field(:name, 'first_nm')
WatirlooLogger Started
SelectListTestPage inherited {} from Watirloo::Page
make_watir_method: pets, watir: :select_list how: :name, what: "animals", value: nil
making interface: pets => select_list(:name, 'animals')
make_watir_method: gender, watir: :select_list how: :name, what: "sex_cd", value: nil
making interface: gender => select_list(:name, 'sex_cd')
WatirlooLogger Started
SelectListTestPage inherited {} from Watirloo::Page
make_watir_method: pets, watir: :select_list how: :name, what: "animals", value: nil
making interface: pets => select_list(:name, 'animals')
make_watir_method: gender, watir: :select_list how: :name, what: "sex_cd", value: nil
making interface: gender => select_list(:name, 'sex_cd')
WatirlooLogger Started
SelectListPage inherited {} from Watirloo::Page
make_watir_method: pets, watir: :select_list how: :name, what: "animals", value: nil
making interface: pets => select_list(:name, 'animals')
make_watir_method: gender, watir: :select_list how: :name, what: "sex_cd", value: nil
making interface: gender => select_list(:name, 'sex_cd')
SelectListSub inherited {:gender=>[:select_list, :name, "sex_cd"], :pets=>[:select_list, :name, "animals"]} from SelectListPage
make_watir_method: toys, watir: :select_list how: :name, what: "bubel", value: nil
making interface: toys => select_list(:name, 'bubel')
WatirlooLogger Started
SelectListPage inherited {} from Watirloo::Page
make_watir_method: pets, watir: :select_list how: :name, what: "animals", value: nil
making interface: pets => select_list(:name, 'animals')
make_watir_method: gender, watir: :select_list how: :name, what: "sex_cd", value: nil
making interface: gender => select_list(:name, 'sex_cd')
SelectListSub inherited {:gender=>[:select_list, :name, "sex_cd"], :pets=>[:select_list, :name, "animals"]} from SelectListPage
make_watir_method: toys, watir: :select_list how: :name, what: "bubel", value: nil
making interface: toys => select_list(:name, 'bubel')
WatirlooLogger Started
SelectListPage inherited {} from Watirloo::Page
make_watir_method: pets, watir: :select_list how: :name, what: "animals", value: nil
making interface: pets => select_list(:name, 'animals')
make_watir_method: gender, watir: :select_list how: :name, what: "sex_cd", value: nil
making interface: gender => select_list(:name, 'sex_cd')
SelectListSub inherited {:gender=>[:select_list, :name, "sex_cd"], :pets=>[:select_list, :name, "animals"]} from SelectListPage
make_watir_method: toys, watir: :select_list how: :name, what: "bubel", value: nil
making interface: toys => select_list(:name, 'bubel')
WatirlooLogger Started
SelectListTest3 inherited {} from Watirloo::Page
make_watir_method: gender, watir: :select_list how: :name, what: "sex_cd", value: nil
making interface: gender => select_list(:name, 'sex_cd')
make_watir_method: toys, watir: :select_list how: :name, what: "bubel", value: nil
making interface: toys => select_list(:name, 'bubel')
make_watir_method: pets, watir: :select_list how: :name, what: "animals", value: nil
making interface: pets => select_list(:name, 'animals')
WatirlooLogger Started
PetsCheckboxes inherited {} from Watirloo::Page
make_watir_method: pets_cat, watir: :checkbox how: :name, what: "pets", value: "cat"
making interface: pets_cat => checkbox(:name, 'pets', 'cat')
make_watir_method: pets_dog, watir: :checkbox how: :name, what: "pets", value: "dog"
making interface: pets_dog => checkbox(:name, 'pets', 'dog')
make_watir_method: pets_zook, watir: :checkbox how: :name, what: "pets", value: "zook"
making interface: pets_zook => checkbox(:name, 'pets', 'zook')
make_watir_method: pets_zebra, watir: :checkbox how: :name, what: "pets", value: "zebra"
making interface: pets_zebra => checkbox(:name, 'pets', 'zebra')
make_watir_method: pets_wumpa, watir: :checkbox how: :name, what: "pets", value: "wumpa"
making interface: pets_wumpa => checkbox(:name, 'pets', 'wumpa')
CheckboxGroupPage inherited {} from Watirloo::Page
make_watir_method: pets, watir: :checkbox_group how: "pets", what: nil, value: nil
making interface: pets => checkbox_group('pets')
FullName inherited {} from Watirloo::Page
make_watir_method: first, watir: :text_field how: :name, what: "first_nm", value: nil
making interface: first => text_field(:name, 'first_nm')
make_watir_method: last, watir: :text_field how: :name, what: "last_nm", value: nil
making interface: last => text_field(:name, 'last_nm')
Address inherited {} from Watirloo::Page
make_watir_method: street, watir: :text_field how: :name, what: "addr1", value: nil
making interface: street => text_field(:name, 'addr1')
PersonalInfo inherited {} from Watirloo::Page
make_watir_method: street, watir: :text_field how: :name, what: "addr1", value: nil
making interface: street => text_field(:name, 'addr1')
make_watir_method: first, watir: :text_field how: :name, what: "first_nm", value: nil
making interface: first => text_field(:name, 'first_nm')
make_watir_method: last, watir: :text_field how: :name, what: "last_nm", value: nil
making interface: last => text_field(:name, 'last_nm')
make_watir_method: dob, watir: :text_field how: :name, what: "dob", value: nil
making interface: dob => text_field(:name, 'dob')
make_watir_method: gender, watir: :select_list how: :name, what: "sex_cd", value: nil
making interface: gender => select_list(:name, 'sex_cd')
SuperPage inherited {} from Watirloo::Page
make_watir_method: name, watir: "vname" how: nil, what: nil, value: nil
making interface: name => vname('')
Page0 inherited {} from Watirloo::Page
make_watir_method: higher, watir: "vhigher" how: nil, what: nil, value: nil
making interface: higher => vhigher('')
Page1 inherited {"higher"=>"vhigher"} from Page0
make_watir_method: lower, watir: "vlower" how: nil, what: nil, value: nil
making interface: lower => vlower('')
Page3 inherited {} from Watirloo::Page
make_watir_method: lower, watir: "vlower" how: nil, what: nil, value: nil
making interface: lower => vlower('')
make_watir_method: higher, watir: "vhigher" how: nil, what: nil, value: nil
making interface: higher => vhigher('')
make_watir_method: included, watir: "vincluded" how: nil, what: nil, value: nil
making interface: included => vincluded('')
Labels inherited {} from Watirloo::Page
make_watir_method: first, watir: :text_field how: :name, what: "fn", value: nil
making interface: first => text_field(:name, 'fn')
make_watir_method: last, watir: :text_field how: :name, what: "ln", value: nil
making interface: last => text_field(:name, 'ln')
make_watir_method: first_label, watir: :label how: :for, what: "first_nm", value: nil
making interface: first_label => label(:for, 'first_nm')
make_watir_method: last_label, watir: :label how: :for, what: "last_nm", value: nil
making interface: last_label => label(:for, 'last_nm')
Person inherited {} from Watirloo::Page
make_watir_method: first, watir: :text_field how: :name, what: "first_nm", value: nil
making interface: first => text_field(:name, 'first_nm')
make_watir_method: street, watir: :text_field how: :name, what: "addr1", value: nil
making interface: street => text_field(:name, 'addr1')
RadioGroupPage inherited {} from Watirloo::Page
make_watir_method: meals_to_go, watir: :radio_group how: "food", what: nil, value: nil
making interface: meals_to_go => radio_group('food')
SelectListTestPage2 inherited {} from Watirloo::Page
make_watir_method: pets, watir: :select_list how: :name, what: "animals", value: nil
making interface: pets => select_list(:name, 'animals')
make_watir_method: gender, watir: :select_list how: :name, what: "sex_cd", value: nil
making interface: gender => select_list(:name, 'sex_cd')
SelectListPage inherited {} from Watirloo::Page
make_watir_method: pets, watir: :select_list how: :name, what: "animals", value: nil
making interface: pets => select_list(:name, 'animals')
make_watir_method: gender, watir: :select_list how: :name, what: "sex_cd", value: nil
making interface: gender => select_list(:name, 'sex_cd')
SelectListTest3 inherited {} from Watirloo::Page
make_watir_method: gender, watir: :select_list how: :name, what: "sex_cd", value: nil
making interface: gender => select_list(:name, 'sex_cd')
make_watir_method: pets, watir: :select_list how: :name, what: "animals", value: nil
making interface: pets => select_list(:name, 'animals')
make_watir_method: toys, watir: :select_list how: :name, what: "bubel", value: nil
making interface: toys => select_list(:name, 'bubel')
TextFieldFaces inherited {} from Watirloo::Page
make_watir_method: last, watir: :text_field how: :name, what: "last_nm", value: nil
making interface: last => text_field(:name, 'last_nm')
make_watir_method: first, watir: :text_field how: :name, what: "first_nm", value: nil
making interface: first => text_field(:name, 'first_nm')
SelectListSub inherited {:gender=>[:select_list, :name, "sex_cd"], :pets=>[:select_list, :name, "animals"]} from SelectListPage
make_watir_method: toys, watir: :select_list how: :name, what: "bubel", value: nil
making interface: toys => select_list(:name, 'bubel')
